<?xml version="1.0" encoding="UTF-8"?>
<!-- Generated by org.testng.reporters.JUnitXMLReporter -->
<testsuite ignored="0" hostname="LAPTOP-I461S6VK" failures="1" tests="3" name="Error validation" time="41.644" errors="0" timestamp="2024-11-14T09:04:00 IST">
  <testcase classname="Test.ErrorValidation" name="LoginError" time="1.746">
    <skipped/>
  </testcase> <!-- LoginError -->
  <testcase classname="Test.ErrorValidation" name="LoginError" time="1.535">
    <failure type="java.lang.AssertionError" message="expected [Login Successfully] but found [Incorrect email or password.]">
      <![CDATA[java.lang.AssertionError: expected [Login Successfully] but found [Incorrect email or password.]
at Test.ErrorValidation.LoginError(ErrorValidation.java:21)
at java.base/java.util.ArrayList.forEach(ArrayList.java:1596)
... Removed 31 stack frames]]>
    </failure>
  </testcase> <!-- LoginError -->
  <testcase classname="Test.ErrorValidation" name="ProductError" time="16.077"/>
</testsuite> <!-- Error validation -->
